node : file:///C:/pay
ment-gateway/backend/
src/server.js:16
At line:1 char:15
+ rm error.log; node 
src/server.js 2>&1 | 
Out-File run.log 
-Encoding ut ...
+               ~~~~~
~~~~~~~~~~~~~~~~~~
    + CategoryInfo   
           : NotSpe  
  cified: (file://   
 /C:/paym...rc/se    
rver.js:16:Strin    
g) [], RemoteExc    
eption
    + FullyQualified 
   ErrorId : Native  
  CommandError
 
app.get('/health', 
getHealth);
                   ^

ReferenceError: 
getHealth is not 
defined
    at file:///C:/pay
ment-gateway/backend/
src/server.js:16:20
    at ModuleJob.run 
(node:internal/module
s/esm/module_job:343:
25)
    at async onImport
.tracePromise.__proto
__ (node:internal/mod
ules/esm/loader:647:2
6)
    at async asyncRun
EntryPointWithESMLoad
er (node:internal/mod
ules/run_main:117:5)

Node.js v22.18.0
